<?xml version="1.0" encoding="UTF-8"?>
<testsuite xmlns:xsi="http://www.w3.org/2001/XMLSchema-instance" xsi:noNamespaceSchemaLocation="https://maven.apache.org/surefire/maven-surefire-plugin/xsd/surefire-test-report-3.0.xsd" version="3.0" name="TestSuite" time="2.665" tests="60" errors="0" skipped="59" failures="1">
  <properties>
    <property name="sun.desktop" value="windows"/>
    <property name="awt.toolkit" value="sun.awt.windows.WToolkit"/>
    <property name="java.specification.version" value="11"/>
    <property name="sun.cpu.isalist" value="amd64"/>
    <property name="sun.jnu.encoding" value="Cp1252"/>
    <property name="java.class.path" value="C:\Users\tafat\Desktop\WebAutomationNov2020\ebay\target\test-classes;C:\Users\tafat\Desktop\WebAutomationNov2020\ebay\target\classes;C:\Users\tafat\Desktop\WebAutomationNov2020\generic\target\classes;C:\Users\tafat\.m2\repository\mysql\mysql-connector-java\8.0.22\mysql-connector-java-8.0.22.jar;C:\Users\tafat\.m2\repository\com\google\protobuf\protobuf-java\3.11.4\protobuf-java-3.11.4.jar;C:\Users\tafat\.m2\repository\org\seleniumhq\selenium\selenium-java\3.141.59\selenium-java-3.141.59.jar;C:\Users\tafat\.m2\repository\org\seleniumhq\selenium\selenium-api\3.141.59\selenium-api-3.141.59.jar;C:\Users\tafat\.m2\repository\org\seleniumhq\selenium\selenium-chrome-driver\3.141.59\selenium-chrome-driver-3.141.59.jar;C:\Users\tafat\.m2\repository\org\seleniumhq\selenium\selenium-edge-driver\3.141.59\selenium-edge-driver-3.141.59.jar;C:\Users\tafat\.m2\repository\org\seleniumhq\selenium\selenium-firefox-driver\3.141.59\selenium-firefox-driver-3.141.59.jar;C:\Users\tafat\.m2\repository\org\seleniumhq\selenium\selenium-ie-driver\3.141.59\selenium-ie-driver-3.141.59.jar;C:\Users\tafat\.m2\repository\org\seleniumhq\selenium\selenium-opera-driver\3.141.59\selenium-opera-driver-3.141.59.jar;C:\Users\tafat\.m2\repository\org\seleniumhq\selenium\selenium-remote-driver\3.141.59\selenium-remote-driver-3.141.59.jar;C:\Users\tafat\.m2\repository\org\seleniumhq\selenium\selenium-safari-driver\3.141.59\selenium-safari-driver-3.141.59.jar;C:\Users\tafat\.m2\repository\org\seleniumhq\selenium\selenium-support\3.141.59\selenium-support-3.141.59.jar;C:\Users\tafat\.m2\repository\net\bytebuddy\byte-buddy\1.8.15\byte-buddy-1.8.15.jar;C:\Users\tafat\.m2\repository\org\apache\commons\commons-exec\1.3\commons-exec-1.3.jar;C:\Users\tafat\.m2\repository\com\google\guava\guava\25.0-jre\guava-25.0-jre.jar;C:\Users\tafat\.m2\repository\com\google\code\findbugs\jsr305\1.3.9\jsr305-1.3.9.jar;C:\Users\tafat\.m2\repository\org\checkerframework\checker-compat-qual\2.0.0\checker-compat-qual-2.0.0.jar;C:\Users\tafat\.m2\repository\com\google\errorprone\error_prone_annotations\2.1.3\error_prone_annotations-2.1.3.jar;C:\Users\tafat\.m2\repository\com\google\j2objc\j2objc-annotations\1.1\j2objc-annotations-1.1.jar;C:\Users\tafat\.m2\repository\org\codehaus\mojo\animal-sniffer-annotations\1.14\animal-sniffer-annotations-1.14.jar;C:\Users\tafat\.m2\repository\com\squareup\okhttp3\okhttp\3.11.0\okhttp-3.11.0.jar;C:\Users\tafat\.m2\repository\com\squareup\okio\okio\1.14.0\okio-1.14.0.jar;C:\Users\tafat\.m2\repository\org\testng\testng\7.3.0\testng-7.3.0.jar;C:\Users\tafat\.m2\repository\com\beust\jcommander\1.78\jcommander-1.78.jar;C:\Users\tafat\.m2\repository\org\apache\ant\ant\1.10.3\ant-1.10.3.jar;C:\Users\tafat\.m2\repository\org\apache\ant\ant-launcher\1.10.3\ant-launcher-1.10.3.jar;C:\Users\tafat\.m2\repository\junit\junit\4.12\junit-4.12.jar;C:\Users\tafat\.m2\repository\org\hamcrest\hamcrest-core\1.3\hamcrest-core-1.3.jar;C:\Users\tafat\.m2\repository\com\google\inject\guice\4.2.2\guice-4.2.2-no_aop.jar;C:\Users\tafat\.m2\repository\javax\inject\javax.inject\1\javax.inject-1.jar;C:\Users\tafat\.m2\repository\aopalliance\aopalliance\1.0\aopalliance-1.0.jar;C:\Users\tafat\.m2\repository\org\yaml\snakeyaml\1.21\snakeyaml-1.21.jar;C:\Users\tafat\.m2\repository\log4j\log4j\1.2.17\log4j-1.2.17.jar;C:\Users\tafat\.m2\repository\org\mongodb\mongodb-driver\3.4.0\mongodb-driver-3.4.0.jar;C:\Users\tafat\.m2\repository\org\mongodb\mongodb-driver-core\3.4.0\mongodb-driver-core-3.4.0.jar;C:\Users\tafat\.m2\repository\org\mongodb\bson\3.4.0\bson-3.4.0.jar;C:\Users\tafat\.m2\repository\com\aventstack\extentreports\3.1.5\extentreports-3.1.5.jar;C:\Users\tafat\.m2\repository\org\freemarker\freemarker\2.3.23\freemarker-2.3.23.jar;C:\Users\tafat\.m2\repository\org\apache\httpcomponents\httpclient\4.5.2\httpclient-4.5.2.jar;C:\Users\tafat\.m2\repository\org\apache\httpcomponents\httpcore\4.4.4\httpcore-4.4.4.jar;C:\Users\tafat\.m2\repository\commons-logging\commons-logging\1.2\commons-logging-1.2.jar;C:\Users\tafat\.m2\repository\org\apache\httpcomponents\httpmime\4.5.2\httpmime-4.5.2.jar;C:\Users\tafat\.m2\repository\org\jsoup\jsoup\1.9.2\jsoup-1.9.2.jar;C:\Users\tafat\.m2\repository\com\google\code\gson\gson\2.8.0\gson-2.8.0.jar;C:\Users\tafat\.m2\repository\com\relevantcodes\extentreports\2.41.2\extentreports-2.41.2.jar;C:\Users\tafat\.m2\repository\org\xerial\sqlite-jdbc\3.8.11.1\sqlite-jdbc-3.8.11.1.jar;C:\Users\tafat\.m2\repository\commons-io\commons-io\2.6\commons-io-2.6.jar;C:\Users\tafat\.m2\repository\org\apache\poi\poi\3.17\poi-3.17.jar;C:\Users\tafat\.m2\repository\commons-codec\commons-codec\1.10\commons-codec-1.10.jar;C:\Users\tafat\.m2\repository\org\apache\commons\commons-collections4\4.1\commons-collections4-4.1.jar;"/>
    <property name="java.vm.vendor" value="Oracle Corporation"/>
    <property name="sun.arch.data.model" value="64"/>
    <property name="user.variant" value=""/>
    <property name="java.vendor.url" value="https://openjdk.java.net/"/>
    <property name="user.timezone" value="America/New_York"/>
    <property name="java.vm.specification.version" value="11"/>
    <property name="os.name" value="Windows 10"/>
    <property name="sun.java.launcher" value="SUN_STANDARD"/>
    <property name="user.country" value="US"/>
    <property name="sun.boot.library.path" value="C:\Program Files\Java\jdk-11.0.8\bin"/>
    <property name="sun.java.command" value="C:\Users\tafat\AppData\Local\Temp\surefire5263306852374527235\surefirebooter11109317175347615820.jar C:\Users\tafat\AppData\Local\Temp\surefire5263306852374527235 2020-11-23T11-02-38_364-jvmRun1 surefire10950570843288796646tmp surefire_0634482626955712836tmp"/>
    <property name="jdk.debug" value="release"/>
    <property name="surefire.test.class.path" value="C:\Users\tafat\Desktop\WebAutomationNov2020\ebay\target\test-classes;C:\Users\tafat\Desktop\WebAutomationNov2020\ebay\target\classes;C:\Users\tafat\Desktop\WebAutomationNov2020\generic\target\classes;C:\Users\tafat\.m2\repository\mysql\mysql-connector-java\8.0.22\mysql-connector-java-8.0.22.jar;C:\Users\tafat\.m2\repository\com\google\protobuf\protobuf-java\3.11.4\protobuf-java-3.11.4.jar;C:\Users\tafat\.m2\repository\org\seleniumhq\selenium\selenium-java\3.141.59\selenium-java-3.141.59.jar;C:\Users\tafat\.m2\repository\org\seleniumhq\selenium\selenium-api\3.141.59\selenium-api-3.141.59.jar;C:\Users\tafat\.m2\repository\org\seleniumhq\selenium\selenium-chrome-driver\3.141.59\selenium-chrome-driver-3.141.59.jar;C:\Users\tafat\.m2\repository\org\seleniumhq\selenium\selenium-edge-driver\3.141.59\selenium-edge-driver-3.141.59.jar;C:\Users\tafat\.m2\repository\org\seleniumhq\selenium\selenium-firefox-driver\3.141.59\selenium-firefox-driver-3.141.59.jar;C:\Users\tafat\.m2\repository\org\seleniumhq\selenium\selenium-ie-driver\3.141.59\selenium-ie-driver-3.141.59.jar;C:\Users\tafat\.m2\repository\org\seleniumhq\selenium\selenium-opera-driver\3.141.59\selenium-opera-driver-3.141.59.jar;C:\Users\tafat\.m2\repository\org\seleniumhq\selenium\selenium-remote-driver\3.141.59\selenium-remote-driver-3.141.59.jar;C:\Users\tafat\.m2\repository\org\seleniumhq\selenium\selenium-safari-driver\3.141.59\selenium-safari-driver-3.141.59.jar;C:\Users\tafat\.m2\repository\org\seleniumhq\selenium\selenium-support\3.141.59\selenium-support-3.141.59.jar;C:\Users\tafat\.m2\repository\net\bytebuddy\byte-buddy\1.8.15\byte-buddy-1.8.15.jar;C:\Users\tafat\.m2\repository\org\apache\commons\commons-exec\1.3\commons-exec-1.3.jar;C:\Users\tafat\.m2\repository\com\google\guava\guava\25.0-jre\guava-25.0-jre.jar;C:\Users\tafat\.m2\repository\com\google\code\findbugs\jsr305\1.3.9\jsr305-1.3.9.jar;C:\Users\tafat\.m2\repository\org\checkerframework\checker-compat-qual\2.0.0\checker-compat-qual-2.0.0.jar;C:\Users\tafat\.m2\repository\com\google\errorprone\error_prone_annotations\2.1.3\error_prone_annotations-2.1.3.jar;C:\Users\tafat\.m2\repository\com\google\j2objc\j2objc-annotations\1.1\j2objc-annotations-1.1.jar;C:\Users\tafat\.m2\repository\org\codehaus\mojo\animal-sniffer-annotations\1.14\animal-sniffer-annotations-1.14.jar;C:\Users\tafat\.m2\repository\com\squareup\okhttp3\okhttp\3.11.0\okhttp-3.11.0.jar;C:\Users\tafat\.m2\repository\com\squareup\okio\okio\1.14.0\okio-1.14.0.jar;C:\Users\tafat\.m2\repository\org\testng\testng\7.3.0\testng-7.3.0.jar;C:\Users\tafat\.m2\repository\com\beust\jcommander\1.78\jcommander-1.78.jar;C:\Users\tafat\.m2\repository\org\apache\ant\ant\1.10.3\ant-1.10.3.jar;C:\Users\tafat\.m2\repository\org\apache\ant\ant-launcher\1.10.3\ant-launcher-1.10.3.jar;C:\Users\tafat\.m2\repository\junit\junit\4.12\junit-4.12.jar;C:\Users\tafat\.m2\repository\org\hamcrest\hamcrest-core\1.3\hamcrest-core-1.3.jar;C:\Users\tafat\.m2\repository\com\google\inject\guice\4.2.2\guice-4.2.2-no_aop.jar;C:\Users\tafat\.m2\repository\javax\inject\javax.inject\1\javax.inject-1.jar;C:\Users\tafat\.m2\repository\aopalliance\aopalliance\1.0\aopalliance-1.0.jar;C:\Users\tafat\.m2\repository\org\yaml\snakeyaml\1.21\snakeyaml-1.21.jar;C:\Users\tafat\.m2\repository\log4j\log4j\1.2.17\log4j-1.2.17.jar;C:\Users\tafat\.m2\repository\org\mongodb\mongodb-driver\3.4.0\mongodb-driver-3.4.0.jar;C:\Users\tafat\.m2\repository\org\mongodb\mongodb-driver-core\3.4.0\mongodb-driver-core-3.4.0.jar;C:\Users\tafat\.m2\repository\org\mongodb\bson\3.4.0\bson-3.4.0.jar;C:\Users\tafat\.m2\repository\com\aventstack\extentreports\3.1.5\extentreports-3.1.5.jar;C:\Users\tafat\.m2\repository\org\freemarker\freemarker\2.3.23\freemarker-2.3.23.jar;C:\Users\tafat\.m2\repository\org\apache\httpcomponents\httpclient\4.5.2\httpclient-4.5.2.jar;C:\Users\tafat\.m2\repository\org\apache\httpcomponents\httpcore\4.4.4\httpcore-4.4.4.jar;C:\Users\tafat\.m2\repository\commons-logging\commons-logging\1.2\commons-logging-1.2.jar;C:\Users\tafat\.m2\repository\org\apache\httpcomponents\httpmime\4.5.2\httpmime-4.5.2.jar;C:\Users\tafat\.m2\repository\org\jsoup\jsoup\1.9.2\jsoup-1.9.2.jar;C:\Users\tafat\.m2\repository\com\google\code\gson\gson\2.8.0\gson-2.8.0.jar;C:\Users\tafat\.m2\repository\com\relevantcodes\extentreports\2.41.2\extentreports-2.41.2.jar;C:\Users\tafat\.m2\repository\org\xerial\sqlite-jdbc\3.8.11.1\sqlite-jdbc-3.8.11.1.jar;C:\Users\tafat\.m2\repository\commons-io\commons-io\2.6\commons-io-2.6.jar;C:\Users\tafat\.m2\repository\org\apache\poi\poi\3.17\poi-3.17.jar;C:\Users\tafat\.m2\repository\commons-codec\commons-codec\1.10\commons-codec-1.10.jar;C:\Users\tafat\.m2\repository\org\apache\commons\commons-collections4\4.1\commons-collections4-4.1.jar;"/>
    <property name="sun.cpu.endian" value="little"/>
    <property name="user.home" value="C:\Users\tafat"/>
    <property name="user.language" value="en"/>
    <property name="java.specification.vendor" value="Oracle Corporation"/>
    <property name="java.version.date" value="2020-07-14"/>
    <property name="java.home" value="C:\Program Files\Java\jdk-11.0.8"/>
    <property name="testng.dtd.http" value="true"/>
    <property name="file.separator" value="\"/>
    <property name="basedir" value="C:\Users\tafat\Desktop\WebAutomationNov2020\ebay"/>
    <property name="java.vm.compressedOopsMode" value="Zero based"/>
    <property name="line.separator" value="&#10;"/>
    <property name="java.specification.name" value="Java Platform API Specification"/>
    <property name="java.vm.specification.vendor" value="Oracle Corporation"/>
    <property name="java.awt.graphicsenv" value="sun.awt.Win32GraphicsEnvironment"/>
    <property name="surefire.real.class.path" value="C:\Users\tafat\AppData\Local\Temp\surefire5263306852374527235\surefirebooter11109317175347615820.jar"/>
    <property name="user.script" value=""/>
    <property name="sun.management.compiler" value="HotSpot 64-Bit Tiered Compilers"/>
    <property name="java.runtime.version" value="11.0.8+10-LTS"/>
    <property name="user.name" value="tafat"/>
    <property name="path.separator" value=";"/>
    <property name="os.version" value="10.0"/>
    <property name="java.runtime.name" value="Java(TM) SE Runtime Environment"/>
    <property name="file.encoding" value="Cp1252"/>
    <property name="java.vm.name" value="Java HotSpot(TM) 64-Bit Server VM"/>
    <property name="java.vendor.version" value="18.9"/>
    <property name="localRepository" value="C:\Users\tafat\.m2\repository"/>
    <property name="java.vendor.url.bug" value="https://bugreport.java.com/bugreport/"/>
    <property name="java.io.tmpdir" value="C:\Users\tafat\AppData\Local\Temp\"/>
    <property name="java.version" value="11.0.8"/>
    <property name="user.dir" value="C:\Users\tafat\Desktop\WebAutomationNov2020\ebay"/>
    <property name="os.arch" value="amd64"/>
    <property name="java.vm.specification.name" value="Java Virtual Machine Specification"/>
    <property name="java.awt.printerjob" value="sun.awt.windows.WPrinterJob"/>
    <property name="sun.os.patch.level" value=""/>
    <property name="java.library.path" value="C:\Program Files\Java\jdk-11.0.8\bin;C:\windows\Sun\Java\bin;C:\windows\system32;C:\windows;C:\Program Files\Common Files\Oracle\Java\javapath;C:\windows\system32;C:\windows;C:\windows\System32\Wbem;C:\windows\System32\WindowsPowerShell\v1.0\;C:\windows\System32\OpenSSH\;C:\Program Files\Java\jdk-11.0.8\bin;C:\Program Files\Git\cmd;C:\Program Files\apache-maven-3.6.3\bin;C:\Program Files\MySQL\MySQL Shell 8.0\bin\;C:\Users\tafat\AppData\Local\Microsoft\WindowsApps;;."/>
    <property name="java.vendor" value="Oracle Corporation"/>
    <property name="java.vm.info" value="mixed mode"/>
    <property name="java.vm.version" value="11.0.8+10-LTS"/>
    <property name="sun.io.unicode.encoding" value="UnicodeLittle"/>
    <property name="java.class.version" value="55.0"/>
  </properties>
  <testcase name="setupDriver" classname="com.ebaytest.HomePageValidations" time="2.341">
    <failure message="Error: OS and OS Version not supported. (WARNING: The server did not provide any stacktrace information)&#10;Command duration or timeout: 1.11 seconds&#10;Build info: version: &apos;3.141.59&apos;, revision: &apos;e82be7d358&apos;, time: &apos;2018-11-14T08:17:03&apos;&#10;System info: host: &apos;DESKTOP-L1NFBMA&apos;, ip: &apos;192.168.0.4&apos;, os.name: &apos;Windows 10&apos;, os.arch: &apos;amd64&apos;, os.version: &apos;10.0&apos;, java.version: &apos;11.0.8&apos;&#10;Driver info: driver.version: RemoteWebDriver" type="org.openqa.selenium.WebDriverException">org.openqa.selenium.WebDriverException: 
Error: OS and OS Version not supported. (WARNING: The server did not provide any stacktrace information)
Command duration or timeout: 1.11 seconds
Build info: version: '3.141.59', revision: 'e82be7d358', time: '2018-11-14T08:17:03'
System info: host: 'DESKTOP-L1NFBMA', ip: '192.168.0.4', os.name: 'Windows 10', os.arch: 'amd64', os.version: '10.0', java.version: '11.0.8'
Driver info: driver.version: RemoteWebDriver
</failure>
    <system-out><![CDATA[[TestNGContentHandler] [WARN] It is strongly recommended to add "<!DOCTYPE suite SYSTEM "https://testng.org/testng-1.0.dtd" >" at the top of your file, otherwise TestNG may fail or not work as expected.
Extent Report DirectoryC:\Users\tafat\Desktop\WebAutomationNov2020\ebay\target\surefire-reports\html
]]></system-out>
  </testcase>
  <testcase name="setupDriver" classname="com.ebaytest.HomePageValidations" time="0">
    <skipped/>
  </testcase>
  <testcase name="setupDriver" classname="com.ebaytest.HomePageValidations" time="0">
    <skipped/>
  </testcase>
  <testcase name="setupDriver" classname="com.ebaytest.HomePageValidations" time="0">
    <skipped/>
  </testcase>
  <testcase name="setupDriver" classname="com.ebaytest.HomePageValidations" time="0">
    <skipped/>
  </testcase>
  <testcase name="setupDriver" classname="com.ebaytest.HomePageValidations" time="0">
    <skipped/>
  </testcase>
  <testcase name="setupDriver" classname="com.ebaytest.HomePageValidations" time="0">
    <skipped/>
  </testcase>
  <testcase name="setupDriver" classname="com.ebaytest.HomePageValidations" time="0">
    <skipped/>
  </testcase>
  <testcase name="setupDriver" classname="com.ebaytest.HomePageValidations" time="0">
    <skipped/>
  </testcase>
  <testcase name="setupDriver" classname="com.ebaytest.HomePageValidations" time="0">
    <skipped/>
  </testcase>
  <testcase name="setupDriver" classname="com.ebaytest.HomePageValidations" time="0">
    <skipped/>
  </testcase>
  <testcase name="setupDriver" classname="com.ebaytest.HomePageValidations" time="0">
    <skipped/>
  </testcase>
  <testcase name="startExtent" classname="com.ebaytest.HomePageValidations" time="0">
    <skipped/>
  </testcase>
  <testcase name="startExtent" classname="com.ebaytest.HomePageValidations" time="0">
    <skipped/>
  </testcase>
  <testcase name="startExtent" classname="com.ebaytest.HomePageValidations" time="0">
    <skipped/>
  </testcase>
  <testcase name="startExtent" classname="com.ebaytest.HomePageValidations" time="0">
    <skipped/>
  </testcase>
  <testcase name="startExtent" classname="com.ebaytest.HomePageValidations" time="0">
    <skipped/>
  </testcase>
  <testcase name="startExtent" classname="com.ebaytest.HomePageValidations" time="0">
    <skipped/>
  </testcase>
  <testcase name="startExtent" classname="com.ebaytest.HomePageValidations" time="0">
    <skipped/>
  </testcase>
  <testcase name="startExtent" classname="com.ebaytest.HomePageValidations" time="0">
    <skipped/>
  </testcase>
  <testcase name="startExtent" classname="com.ebaytest.HomePageValidations" time="0">
    <skipped/>
  </testcase>
  <testcase name="startExtent" classname="com.ebaytest.HomePageValidations" time="0">
    <skipped/>
  </testcase>
  <testcase name="startExtent" classname="com.ebaytest.HomePageValidations" time="0">
    <skipped/>
  </testcase>
  <testcase name="startExtent" classname="com.ebaytest.HomePageValidations" time="0">
    <skipped/>
  </testcase>
  <testcase name="validateUserBeingAbleToClickOnBrandOutletButton" classname="com.ebaytest.HomePageValidations" time="0">
    <skipped message="Error: OS and OS Version not supported. (WARNING: The server did not provide any stacktrace information)&#10;Command duration or timeout: 1.11 seconds&#10;Build info: version: &apos;3.141.59&apos;, revision: &apos;e82be7d358&apos;, time: &apos;2018-11-14T08:17:03&apos;&#10;System info: host: &apos;DESKTOP-L1NFBMA&apos;, ip: &apos;192.168.0.4&apos;, os.name: &apos;Windows 10&apos;, os.arch: &apos;amd64&apos;, os.version: &apos;10.0&apos;, java.version: &apos;11.0.8&apos;&#10;Driver info: driver.version: RemoteWebDriver"/>
  </testcase>
  <testcase name="afterEachTestMethod" classname="com.ebaytest.HomePageValidations" time="0">
    <skipped/>
  </testcase>
  <testcase name="afterEachTestMethod" classname="com.ebaytest.HomePageValidations" time="0">
    <skipped/>
  </testcase>
  <testcase name="afterEachTestMethod" classname="com.ebaytest.HomePageValidations" time="0">
    <skipped/>
  </testcase>
  <testcase name="afterEachTestMethod" classname="com.ebaytest.HomePageValidations" time="0">
    <skipped/>
  </testcase>
  <testcase name="afterEachTestMethod" classname="com.ebaytest.HomePageValidations" time="0">
    <skipped/>
  </testcase>
  <testcase name="afterEachTestMethod" classname="com.ebaytest.HomePageValidations" time="0">
    <skipped/>
  </testcase>
  <testcase name="afterEachTestMethod" classname="com.ebaytest.HomePageValidations" time="0">
    <skipped/>
  </testcase>
  <testcase name="afterEachTestMethod" classname="com.ebaytest.HomePageValidations" time="0">
    <skipped/>
  </testcase>
  <testcase name="afterEachTestMethod" classname="com.ebaytest.HomePageValidations" time="0">
    <skipped/>
  </testcase>
  <testcase name="afterEachTestMethod" classname="com.ebaytest.HomePageValidations" time="0">
    <skipped/>
  </testcase>
  <testcase name="afterEachTestMethod" classname="com.ebaytest.HomePageValidations" time="0">
    <skipped/>
  </testcase>
  <testcase name="afterEachTestMethod" classname="com.ebaytest.HomePageValidations" time="0">
    <skipped/>
  </testcase>
  <testcase name="cleanUp" classname="com.ebaytest.HomePageValidations" time="0">
    <skipped/>
  </testcase>
  <testcase name="cleanUp" classname="com.ebaytest.HomePageValidations" time="0">
    <skipped/>
  </testcase>
  <testcase name="cleanUp" classname="com.ebaytest.HomePageValidations" time="0">
    <skipped/>
  </testcase>
  <testcase name="cleanUp" classname="com.ebaytest.HomePageValidations" time="0">
    <skipped/>
  </testcase>
  <testcase name="cleanUp" classname="com.ebaytest.HomePageValidations" time="0">
    <skipped/>
  </testcase>
  <testcase name="cleanUp" classname="com.ebaytest.HomePageValidations" time="0">
    <skipped/>
  </testcase>
  <testcase name="cleanUp" classname="com.ebaytest.HomePageValidations" time="0">
    <skipped/>
  </testcase>
  <testcase name="cleanUp" classname="com.ebaytest.HomePageValidations" time="0">
    <skipped/>
  </testcase>
  <testcase name="cleanUp" classname="com.ebaytest.HomePageValidations" time="0">
    <skipped/>
  </testcase>
  <testcase name="cleanUp" classname="com.ebaytest.HomePageValidations" time="0">
    <skipped/>
  </testcase>
  <testcase name="cleanUp" classname="com.ebaytest.HomePageValidations" time="0">
    <skipped/>
  </testcase>
  <testcase name="cleanUp" classname="com.ebaytest.HomePageValidations" time="0">
    <skipped/>
  </testcase>
  <testcase name="validateUserBeingAbleToClickOnCartButton" classname="com.ebaytest.HomePageValidations" time="0">
    <skipped message="Error: OS and OS Version not supported. (WARNING: The server did not provide any stacktrace information)&#10;Command duration or timeout: 1.11 seconds&#10;Build info: version: &apos;3.141.59&apos;, revision: &apos;e82be7d358&apos;, time: &apos;2018-11-14T08:17:03&apos;&#10;System info: host: &apos;DESKTOP-L1NFBMA&apos;, ip: &apos;192.168.0.4&apos;, os.name: &apos;Windows 10&apos;, os.arch: &apos;amd64&apos;, os.version: &apos;10.0&apos;, java.version: &apos;11.0.8&apos;&#10;Driver info: driver.version: RemoteWebDriver"/>
  </testcase>
  <testcase name="validateUserBeingAbleToClickOnDailyDealsButton" classname="com.ebaytest.HomePageValidations" time="0">
    <skipped message="Error: OS and OS Version not supported. (WARNING: The server did not provide any stacktrace information)&#10;Command duration or timeout: 1.11 seconds&#10;Build info: version: &apos;3.141.59&apos;, revision: &apos;e82be7d358&apos;, time: &apos;2018-11-14T08:17:03&apos;&#10;System info: host: &apos;DESKTOP-L1NFBMA&apos;, ip: &apos;192.168.0.4&apos;, os.name: &apos;Windows 10&apos;, os.arch: &apos;amd64&apos;, os.version: &apos;10.0&apos;, java.version: &apos;11.0.8&apos;&#10;Driver info: driver.version: RemoteWebDriver"/>
  </testcase>
  <testcase name="validateUserBeingAbleToClickOnHelpAndContactButton" classname="com.ebaytest.HomePageValidations" time="0">
    <skipped message="Error: OS and OS Version not supported. (WARNING: The server did not provide any stacktrace information)&#10;Command duration or timeout: 1.11 seconds&#10;Build info: version: &apos;3.141.59&apos;, revision: &apos;e82be7d358&apos;, time: &apos;2018-11-14T08:17:03&apos;&#10;System info: host: &apos;DESKTOP-L1NFBMA&apos;, ip: &apos;192.168.0.4&apos;, os.name: &apos;Windows 10&apos;, os.arch: &apos;amd64&apos;, os.version: &apos;10.0&apos;, java.version: &apos;11.0.8&apos;&#10;Driver info: driver.version: RemoteWebDriver"/>
  </testcase>
  <testcase name="validateUserBeingAbleToClickOnNotificationButton" classname="com.ebaytest.HomePageValidations" time="0">
    <skipped message="Error: OS and OS Version not supported. (WARNING: The server did not provide any stacktrace information)&#10;Command duration or timeout: 1.11 seconds&#10;Build info: version: &apos;3.141.59&apos;, revision: &apos;e82be7d358&apos;, time: &apos;2018-11-14T08:17:03&apos;&#10;System info: host: &apos;DESKTOP-L1NFBMA&apos;, ip: &apos;192.168.0.4&apos;, os.name: &apos;Windows 10&apos;, os.arch: &apos;amd64&apos;, os.version: &apos;10.0&apos;, java.version: &apos;11.0.8&apos;&#10;Driver info: driver.version: RemoteWebDriver"/>
  </testcase>
  <testcase name="validateUserBeingAbleToClickOnRegisterButton" classname="com.ebaytest.HomePageValidations" time="0">
    <skipped message="Error: OS and OS Version not supported. (WARNING: The server did not provide any stacktrace information)&#10;Command duration or timeout: 1.11 seconds&#10;Build info: version: &apos;3.141.59&apos;, revision: &apos;e82be7d358&apos;, time: &apos;2018-11-14T08:17:03&apos;&#10;System info: host: &apos;DESKTOP-L1NFBMA&apos;, ip: &apos;192.168.0.4&apos;, os.name: &apos;Windows 10&apos;, os.arch: &apos;amd64&apos;, os.version: &apos;10.0&apos;, java.version: &apos;11.0.8&apos;&#10;Driver info: driver.version: RemoteWebDriver"/>
  </testcase>
  <testcase name="validateUserBeingAbleToClickOnSearchBar" classname="com.ebaytest.HomePageValidations" time="0">
    <skipped message="Error: OS and OS Version not supported. (WARNING: The server did not provide any stacktrace information)&#10;Command duration or timeout: 1.11 seconds&#10;Build info: version: &apos;3.141.59&apos;, revision: &apos;e82be7d358&apos;, time: &apos;2018-11-14T08:17:03&apos;&#10;System info: host: &apos;DESKTOP-L1NFBMA&apos;, ip: &apos;192.168.0.4&apos;, os.name: &apos;Windows 10&apos;, os.arch: &apos;amd64&apos;, os.version: &apos;10.0&apos;, java.version: &apos;11.0.8&apos;&#10;Driver info: driver.version: RemoteWebDriver"/>
  </testcase>
  <testcase name="validateUserBeingAbleToClickOnSellButton" classname="com.ebaytest.HomePageValidations" time="0">
    <skipped message="Error: OS and OS Version not supported. (WARNING: The server did not provide any stacktrace information)&#10;Command duration or timeout: 1.11 seconds&#10;Build info: version: &apos;3.141.59&apos;, revision: &apos;e82be7d358&apos;, time: &apos;2018-11-14T08:17:03&apos;&#10;System info: host: &apos;DESKTOP-L1NFBMA&apos;, ip: &apos;192.168.0.4&apos;, os.name: &apos;Windows 10&apos;, os.arch: &apos;amd64&apos;, os.version: &apos;10.0&apos;, java.version: &apos;11.0.8&apos;&#10;Driver info: driver.version: RemoteWebDriver"/>
  </testcase>
  <testcase name="validateUserBeingAbleToClickOnSignInButton" classname="com.ebaytest.HomePageValidations" time="0">
    <skipped message="Error: OS and OS Version not supported. (WARNING: The server did not provide any stacktrace information)&#10;Command duration or timeout: 1.11 seconds&#10;Build info: version: &apos;3.141.59&apos;, revision: &apos;e82be7d358&apos;, time: &apos;2018-11-14T08:17:03&apos;&#10;System info: host: &apos;DESKTOP-L1NFBMA&apos;, ip: &apos;192.168.0.4&apos;, os.name: &apos;Windows 10&apos;, os.arch: &apos;amd64&apos;, os.version: &apos;10.0&apos;, java.version: &apos;11.0.8&apos;&#10;Driver info: driver.version: RemoteWebDriver"/>
  </testcase>
  <testcase name="validateUserBeingAbleToClickOnWatchlistButton" classname="com.ebaytest.HomePageValidations" time="0">
    <skipped message="Error: OS and OS Version not supported. (WARNING: The server did not provide any stacktrace information)&#10;Command duration or timeout: 1.11 seconds&#10;Build info: version: &apos;3.141.59&apos;, revision: &apos;e82be7d358&apos;, time: &apos;2018-11-14T08:17:03&apos;&#10;System info: host: &apos;DESKTOP-L1NFBMA&apos;, ip: &apos;192.168.0.4&apos;, os.name: &apos;Windows 10&apos;, os.arch: &apos;amd64&apos;, os.version: &apos;10.0&apos;, java.version: &apos;11.0.8&apos;&#10;Driver info: driver.version: RemoteWebDriver"/>
  </testcase>
  <testcase name="validateUserBeingAbleToClickOnmyEbayButton" classname="com.ebaytest.HomePageValidations" time="0">
    <skipped message="Error: OS and OS Version not supported. (WARNING: The server did not provide any stacktrace information)&#10;Command duration or timeout: 1.11 seconds&#10;Build info: version: &apos;3.141.59&apos;, revision: &apos;e82be7d358&apos;, time: &apos;2018-11-14T08:17:03&apos;&#10;System info: host: &apos;DESKTOP-L1NFBMA&apos;, ip: &apos;192.168.0.4&apos;, os.name: &apos;Windows 10&apos;, os.arch: &apos;amd64&apos;, os.version: &apos;10.0&apos;, java.version: &apos;11.0.8&apos;&#10;Driver info: driver.version: RemoteWebDriver"/>
  </testcase>
  <testcase name="validateUserBeingAbleToTypeOnSearchBar" classname="com.ebaytest.HomePageValidations" time="0">
    <skipped message="Error: OS and OS Version not supported. (WARNING: The server did not provide any stacktrace information)&#10;Command duration or timeout: 1.11 seconds&#10;Build info: version: &apos;3.141.59&apos;, revision: &apos;e82be7d358&apos;, time: &apos;2018-11-14T08:17:03&apos;&#10;System info: host: &apos;DESKTOP-L1NFBMA&apos;, ip: &apos;192.168.0.4&apos;, os.name: &apos;Windows 10&apos;, os.arch: &apos;amd64&apos;, os.version: &apos;10.0&apos;, java.version: &apos;11.0.8&apos;&#10;Driver info: driver.version: RemoteWebDriver"/>
  </testcase>
</testsuite>