<?xml version="1.0" encoding="UTF-8"?>
<!-- Generated by org.testng.reporters.JUnitReportReporter -->
<testsuite hostname="DESKTOP-L1NFBMA" failures="0" tests="13" name="com.ebaytest.HomePageValidations" time="1.300" errors="1" timestamp="2020-11-23T11:02:41 EST" skipped="12">
  <testcase classname="com.ebaytest.HomePageValidations" name="setupDriver" time="1.300">
    <error message="Error: OS and OS Version not supported. (WARNING: The server did not provide any stacktrace information)
Command duration or timeout: 1.11 seconds
Build info: version: &#039;3.141.59&#039;, revision: &#039;e82be7d358&#039;, time: &#039;2018-11-14T08:17:03&#039;
System info: host: &#039;DESKTOP-L1NFBMA&#039;, ip: &#039;192.168.0.4&#039;, os.name: &#039;Windows 10&#039;, os.arch: &#039;amd64&#039;, os.version: &#039;10.0&#039;, java.version: &#039;11.0.8&#039;
Driver info: driver.version: RemoteWebDriver" type="org.openqa.selenium.WebDriverException">
      <![CDATA[org.openqa.selenium.WebDriverException: Error: OS and OS Version not supported. (WARNING: The server did not provide any stacktrace information)
Command duration or timeout: 1.11 seconds
Build info: version: '3.141.59', revision: 'e82be7d358', time: '2018-11-14T08:17:03'
System info: host: 'DESKTOP-L1NFBMA', ip: '192.168.0.4', os.name: 'Windows 10', os.arch: 'amd64', os.version: '10.0', java.version: '11.0.8'
Driver info: driver.version: RemoteWebDriver
at java.base/jdk.internal.reflect.NativeConstructorAccessorImpl.newInstance0(Native Method)
at java.base/jdk.internal.reflect.NativeConstructorAccessorImpl.newInstance(NativeConstructorAccessorImpl.java:62)
at java.base/jdk.internal.reflect.DelegatingConstructorAccessorImpl.newInstance(DelegatingConstructorAccessorImpl.java:45)
at java.base/java.lang.reflect.Constructor.newInstance(Constructor.java:490)
at org.openqa.selenium.remote.ErrorHandler.createThrowable(ErrorHandler.java:214)
at org.openqa.selenium.remote.ErrorHandler.throwIfResponseFailed(ErrorHandler.java:166)
at org.openqa.selenium.remote.JsonWireProtocolResponse.lambda$errorHandler$0(JsonWireProtocolResponse.java:54)
at org.openqa.selenium.remote.HandshakeResponse.lambda$getResponseFunction$0(HandshakeResponse.java:30)
at org.openqa.selenium.remote.ProtocolHandshake.lambda$createSession$0(ProtocolHandshake.java:126)
at java.base/java.util.stream.ReferencePipeline$3$1.accept(ReferencePipeline.java:195)
at java.base/java.util.Spliterators$ArraySpliterator.tryAdvance(Spliterators.java:958)
at java.base/java.util.stream.ReferencePipeline.forEachWithCancel(ReferencePipeline.java:127)
at java.base/java.util.stream.AbstractPipeline.copyIntoWithCancel(AbstractPipeline.java:502)
at java.base/java.util.stream.AbstractPipeline.copyInto(AbstractPipeline.java:488)
at java.base/java.util.stream.AbstractPipeline.wrapAndCopyInto(AbstractPipeline.java:474)
at java.base/java.util.stream.FindOps$FindOp.evaluateSequential(FindOps.java:150)
at java.base/java.util.stream.AbstractPipeline.evaluate(AbstractPipeline.java:234)
at java.base/java.util.stream.ReferencePipeline.findFirst(ReferencePipeline.java:543)
at org.openqa.selenium.remote.ProtocolHandshake.createSession(ProtocolHandshake.java:128)
at org.openqa.selenium.remote.ProtocolHandshake.createSession(ProtocolHandshake.java:74)
at org.openqa.selenium.remote.HttpCommandExecutor.execute(HttpCommandExecutor.java:136)
at org.openqa.selenium.remote.RemoteWebDriver.execute(RemoteWebDriver.java:552)
at org.openqa.selenium.remote.RemoteWebDriver.startSession(RemoteWebDriver.java:213)
at org.openqa.selenium.remote.RemoteWebDriver.<init>(RemoteWebDriver.java:131)
at org.openqa.selenium.remote.RemoteWebDriver.<init>(RemoteWebDriver.java:144)
at com.pntautomation.base.TestBase.getCloudDriver(TestBase.java:110)
at com.pntautomation.base.TestBase.setupDriver(TestBase.java:63)
at java.base/jdk.internal.reflect.NativeMethodAccessorImpl.invoke0(Native Method)
at java.base/jdk.internal.reflect.NativeMethodAccessorImpl.invoke(NativeMethodAccessorImpl.java:62)
at java.base/jdk.internal.reflect.DelegatingMethodAccessorImpl.invoke(DelegatingMethodAccessorImpl.java:43)
at java.base/java.lang.reflect.Method.invoke(Method.java:566)
at org.testng.internal.MethodInvocationHelper.invokeMethod(MethodInvocationHelper.java:132)
at org.testng.internal.MethodInvocationHelper.invokeMethodConsideringTimeout(MethodInvocationHelper.java:61)
at org.testng.internal.ConfigInvoker.invokeConfigurationMethod(ConfigInvoker.java:366)
at org.testng.internal.ConfigInvoker.invokeConfigurations(ConfigInvoker.java:320)
at org.testng.internal.TestInvoker.runConfigMethods(TestInvoker.java:701)
at org.testng.internal.TestInvoker.invokeMethod(TestInvoker.java:527)
at org.testng.internal.TestInvoker.invokeTestMethod(TestInvoker.java:174)
at org.testng.internal.MethodRunner.runInSequence(MethodRunner.java:46)
at org.testng.internal.TestInvoker$MethodInvocationAgent.invoke(TestInvoker.java:822)
at org.testng.internal.TestInvoker.invokeTestMethods(TestInvoker.java:147)
at org.testng.internal.TestMethodWorker.invokeTestMethods(TestMethodWorker.java:146)
at org.testng.internal.TestMethodWorker.run(TestMethodWorker.java:128)
at java.base/java.util.ArrayList.forEach(ArrayList.java:1541)
at org.testng.TestRunner.privateRun(TestRunner.java:764)
at org.testng.TestRunner.run(TestRunner.java:585)
at org.testng.SuiteRunner.runTest(SuiteRunner.java:384)
at org.testng.SuiteRunner.runSequentially(SuiteRunner.java:378)
at org.testng.SuiteRunner.privateRun(SuiteRunner.java:337)
at org.testng.SuiteRunner.run(SuiteRunner.java:286)
at org.testng.SuiteRunnerWorker.runSuite(SuiteRunnerWorker.java:53)
at org.testng.SuiteRunnerWorker.run(SuiteRunnerWorker.java:96)
at org.testng.TestNG.runSuitesSequentially(TestNG.java:1218)
at org.testng.TestNG.runSuitesLocally(TestNG.java:1140)
at org.testng.TestNG.runSuites(TestNG.java:1069)
at org.testng.TestNG.run(TestNG.java:1037)
at org.apache.maven.surefire.testng.TestNGExecutor.run(TestNGExecutor.java:283)
at org.apache.maven.surefire.testng.TestNGXmlTestSuite.execute(TestNGXmlTestSuite.java:75)
at org.apache.maven.surefire.testng.TestNGProvider.invoke(TestNGProvider.java:120)
at org.apache.maven.surefire.booter.ForkedBooter.invokeProviderInSameClassLoader(ForkedBooter.java:384)
at org.apache.maven.surefire.booter.ForkedBooter.runSuitesInProcess(ForkedBooter.java:345)
at org.apache.maven.surefire.booter.ForkedBooter.execute(ForkedBooter.java:126)
at org.apache.maven.surefire.booter.ForkedBooter.main(ForkedBooter.java:418)
]]>
    </error>
  </testcase> <!-- setupDriver -->
  <system-out/>
  <testcase classname="com.ebaytest.HomePageValidations" name="validateUserBeingAbleToClickOnCartButton" time="0.000">
    <skipped/>
  </testcase> <!-- validateUserBeingAbleToClickOnCartButton -->
  <system-out/>
  <testcase classname="com.ebaytest.HomePageValidations" name="validateUserBeingAbleToClickOnSignInButton" time="0.000">
    <skipped/>
  </testcase> <!-- validateUserBeingAbleToClickOnSignInButton -->
  <system-out/>
  <testcase classname="com.ebaytest.HomePageValidations" name="validateUserBeingAbleToClickOnBrandOutletButton" time="0.000">
    <skipped/>
  </testcase> <!-- validateUserBeingAbleToClickOnBrandOutletButton -->
  <system-out/>
  <testcase classname="com.ebaytest.HomePageValidations" name="validateUserBeingAbleToClickOnmyEbayButton" time="0.000">
    <skipped/>
  </testcase> <!-- validateUserBeingAbleToClickOnmyEbayButton -->
  <system-out/>
  <testcase classname="com.ebaytest.HomePageValidations" name="validateUserBeingAbleToClickOnWatchlistButton" time="0.000">
    <skipped/>
  </testcase> <!-- validateUserBeingAbleToClickOnWatchlistButton -->
  <system-out/>
  <testcase classname="com.ebaytest.HomePageValidations" name="validateUserBeingAbleToClickOnSellButton" time="0.000">
    <skipped/>
  </testcase> <!-- validateUserBeingAbleToClickOnSellButton -->
  <system-out/>
  <testcase classname="com.ebaytest.HomePageValidations" name="validateUserBeingAbleToClickOnDailyDealsButton" time="0.000">
    <skipped/>
  </testcase> <!-- validateUserBeingAbleToClickOnDailyDealsButton -->
  <system-out/>
  <testcase classname="com.ebaytest.HomePageValidations" name="validateUserBeingAbleToClickOnNotificationButton" time="0.000">
    <skipped/>
  </testcase> <!-- validateUserBeingAbleToClickOnNotificationButton -->
  <system-out/>
  <testcase classname="com.ebaytest.HomePageValidations" name="validateUserBeingAbleToTypeOnSearchBar" time="0.000">
    <skipped/>
  </testcase> <!-- validateUserBeingAbleToTypeOnSearchBar -->
  <system-out/>
  <testcase classname="com.ebaytest.HomePageValidations" name="validateUserBeingAbleToClickOnSearchBar" time="0.000">
    <skipped/>
  </testcase> <!-- validateUserBeingAbleToClickOnSearchBar -->
  <system-out/>
  <testcase classname="com.ebaytest.HomePageValidations" name="validateUserBeingAbleToClickOnRegisterButton" time="0.000">
    <skipped/>
  </testcase> <!-- validateUserBeingAbleToClickOnRegisterButton -->
  <system-out/>
  <testcase classname="com.ebaytest.HomePageValidations" name="validateUserBeingAbleToClickOnHelpAndContactButton" time="0.000">
    <skipped/>
  </testcase> <!-- validateUserBeingAbleToClickOnHelpAndContactButton -->
  <system-out/>
</testsuite> <!-- com.ebaytest.HomePageValidations -->
