<?xml version="1.0" encoding="UTF-8"?>
<!-- Generated by org.testng.reporters.JUnitXMLReporter -->
<testsuite ignored="0" hostname="DESKTOP-L1NFBMA" failures="0" tests="12" name="Automation tests" time="1.329" errors="0" timestamp="2020-11-23T11:02:41 EST">
  <testcase classname="com.pntautomation.base.TestBase" name="@BeforeMethod setupDriver" time="1.3">
    <failure type="org.openqa.selenium.WebDriverException" message="Error: OS and OS Version not supported. (WARNING: The server did not provide any stacktrace information)
Command duration or timeout: 1.11 seconds
Build info: version: &amp;apos;3.141.59&amp;apos;, revision: &amp;apos;e82be7d358&amp;apos;, time: &amp;apos;2018-11-14T08:17:03&amp;apos;
System info: host: &amp;apos;DESKTOP-L1NFBMA&amp;apos;, ip: &amp;apos;192.168.0.4&amp;apos;, os.name: &amp;apos;Windows 10&amp;apos;, os.arch: &amp;apos;amd64&amp;apos;, os.version: &amp;apos;10.0&amp;apos;, java.version: &amp;apos;11.0.8&amp;apos;
Driver info: driver.version: RemoteWebDriver">
      <![CDATA[org.openqa.selenium.WebDriverException: Error: OS and OS Version not supported. (WARNING: The server did not provide any stacktrace information)
Command duration or timeout: 1.11 seconds
Build info: version: '3.141.59', revision: 'e82be7d358', time: '2018-11-14T08:17:03'
System info: host: 'DESKTOP-L1NFBMA', ip: '192.168.0.4', os.name: 'Windows 10', os.arch: 'amd64', os.version: '10.0', java.version: '11.0.8'
Driver info: driver.version: RemoteWebDriver
at org.openqa.selenium.remote.ErrorHandler.createThrowable(ErrorHandler.java:214)
at org.openqa.selenium.remote.ErrorHandler.throwIfResponseFailed(ErrorHandler.java:166)
at org.openqa.selenium.remote.JsonWireProtocolResponse.lambda$errorHandler$0(JsonWireProtocolResponse.java:54)
at org.openqa.selenium.remote.HandshakeResponse.lambda$getResponseFunction$0(HandshakeResponse.java:30)
at org.openqa.selenium.remote.ProtocolHandshake.lambda$createSession$0(ProtocolHandshake.java:126)
at java.base/java.util.stream.ReferencePipeline$3$1.accept(ReferencePipeline.java:195)
at java.base/java.util.Spliterators$ArraySpliterator.tryAdvance(Spliterators.java:958)
at java.base/java.util.stream.ReferencePipeline.forEachWithCancel(ReferencePipeline.java:127)
at java.base/java.util.stream.AbstractPipeline.copyIntoWithCancel(AbstractPipeline.java:502)
at java.base/java.util.stream.AbstractPipeline.copyInto(AbstractPipeline.java:488)
at java.base/java.util.stream.AbstractPipeline.wrapAndCopyInto(AbstractPipeline.java:474)
at java.base/java.util.stream.FindOps$FindOp.evaluateSequential(FindOps.java:150)
at java.base/java.util.stream.AbstractPipeline.evaluate(AbstractPipeline.java:234)
at java.base/java.util.stream.ReferencePipeline.findFirst(ReferencePipeline.java:543)
at org.openqa.selenium.remote.ProtocolHandshake.createSession(ProtocolHandshake.java:128)
at org.openqa.selenium.remote.ProtocolHandshake.createSession(ProtocolHandshake.java:74)
at org.openqa.selenium.remote.HttpCommandExecutor.execute(HttpCommandExecutor.java:136)
at org.openqa.selenium.remote.RemoteWebDriver.execute(RemoteWebDriver.java:552)
at org.openqa.selenium.remote.RemoteWebDriver.startSession(RemoteWebDriver.java:213)
at org.openqa.selenium.remote.RemoteWebDriver.<init>(RemoteWebDriver.java:131)
at org.openqa.selenium.remote.RemoteWebDriver.<init>(RemoteWebDriver.java:144)
at com.pntautomation.base.TestBase.getCloudDriver(TestBase.java:110)
at com.pntautomation.base.TestBase.setupDriver(TestBase.java:63)
at java.base/java.util.ArrayList.forEach(ArrayList.java:1541)
... Removed 39 stack frames]]>
    </failure>
  </testcase> <!-- @BeforeMethod setupDriver -->
  <testcase classname="com.pntautomation.base.TestBase" name="@BeforeMethod startExtent" time="-1.606147361353E9">
    <skipped/>
  </testcase> <!-- @BeforeMethod startExtent -->
  <testcase classname="com.pntautomation.base.TestBase" name="@AfterMethod afterEachTestMethod" time="-1.606147361354E9">
    <skipped/>
  </testcase> <!-- @AfterMethod afterEachTestMethod -->
  <testcase classname="com.pntautomation.base.TestBase" name="@AfterMethod cleanUp" time="-1.606147361354E9">
    <skipped/>
  </testcase> <!-- @AfterMethod cleanUp -->
  <testcase classname="com.pntautomation.base.TestBase" name="@BeforeMethod setupDriver" time="-1.606147361354E9">
    <skipped/>
  </testcase> <!-- @BeforeMethod setupDriver -->
  <testcase classname="com.pntautomation.base.TestBase" name="@BeforeMethod startExtent" time="-1.606147361354E9">
    <skipped/>
  </testcase> <!-- @BeforeMethod startExtent -->
  <testcase classname="com.pntautomation.base.TestBase" name="@AfterMethod afterEachTestMethod" time="-1.606147361355E9">
    <skipped/>
  </testcase> <!-- @AfterMethod afterEachTestMethod -->
  <testcase classname="com.pntautomation.base.TestBase" name="@AfterMethod cleanUp" time="-1.606147361355E9">
    <skipped/>
  </testcase> <!-- @AfterMethod cleanUp -->
  <testcase classname="com.pntautomation.base.TestBase" name="@BeforeMethod setupDriver" time="-1.606147361355E9">
    <skipped/>
  </testcase> <!-- @BeforeMethod setupDriver -->
  <testcase classname="com.pntautomation.base.TestBase" name="@BeforeMethod startExtent" time="-1.606147361355E9">
    <skipped/>
  </testcase> <!-- @BeforeMethod startExtent -->
  <testcase classname="com.pntautomation.base.TestBase" name="@AfterMethod afterEachTestMethod" time="-1.606147361355E9">
    <skipped/>
  </testcase> <!-- @AfterMethod afterEachTestMethod -->
  <testcase classname="com.pntautomation.base.TestBase" name="@AfterMethod cleanUp" time="-1.606147361355E9">
    <skipped/>
  </testcase> <!-- @AfterMethod cleanUp -->
  <testcase classname="com.pntautomation.base.TestBase" name="@BeforeMethod setupDriver" time="-1.606147361357E9">
    <skipped/>
  </testcase> <!-- @BeforeMethod setupDriver -->
  <testcase classname="com.pntautomation.base.TestBase" name="@BeforeMethod startExtent" time="-1.606147361357E9">
    <skipped/>
  </testcase> <!-- @BeforeMethod startExtent -->
  <testcase classname="com.pntautomation.base.TestBase" name="@AfterMethod afterEachTestMethod" time="-1.606147361357E9">
    <skipped/>
  </testcase> <!-- @AfterMethod afterEachTestMethod -->
  <testcase classname="com.pntautomation.base.TestBase" name="@AfterMethod cleanUp" time="-1.606147361357E9">
    <skipped/>
  </testcase> <!-- @AfterMethod cleanUp -->
  <testcase classname="com.pntautomation.base.TestBase" name="@BeforeMethod setupDriver" time="-1.606147361357E9">
    <skipped/>
  </testcase> <!-- @BeforeMethod setupDriver -->
  <testcase classname="com.pntautomation.base.TestBase" name="@BeforeMethod startExtent" time="-1.606147361357E9">
    <skipped/>
  </testcase> <!-- @BeforeMethod startExtent -->
  <testcase classname="com.pntautomation.base.TestBase" name="@AfterMethod afterEachTestMethod" time="-1.606147361358E9">
    <skipped/>
  </testcase> <!-- @AfterMethod afterEachTestMethod -->
  <testcase classname="com.pntautomation.base.TestBase" name="@AfterMethod cleanUp" time="-1.606147361358E9">
    <skipped/>
  </testcase> <!-- @AfterMethod cleanUp -->
  <testcase classname="com.pntautomation.base.TestBase" name="@BeforeMethod setupDriver" time="-1.606147361358E9">
    <skipped/>
  </testcase> <!-- @BeforeMethod setupDriver -->
  <testcase classname="com.pntautomation.base.TestBase" name="@BeforeMethod startExtent" time="-1.606147361358E9">
    <skipped/>
  </testcase> <!-- @BeforeMethod startExtent -->
  <testcase classname="com.pntautomation.base.TestBase" name="@AfterMethod afterEachTestMethod" time="-1.606147361359E9">
    <skipped/>
  </testcase> <!-- @AfterMethod afterEachTestMethod -->
  <testcase classname="com.pntautomation.base.TestBase" name="@AfterMethod cleanUp" time="-1.606147361359E9">
    <skipped/>
  </testcase> <!-- @AfterMethod cleanUp -->
  <testcase classname="com.pntautomation.base.TestBase" name="@BeforeMethod setupDriver" time="-1.606147361359E9">
    <skipped/>
  </testcase> <!-- @BeforeMethod setupDriver -->
  <testcase classname="com.pntautomation.base.TestBase" name="@BeforeMethod startExtent" time="-1.606147361359E9">
    <skipped/>
  </testcase> <!-- @BeforeMethod startExtent -->
  <testcase classname="com.pntautomation.base.TestBase" name="@AfterMethod afterEachTestMethod" time="-1.606147361359E9">
    <skipped/>
  </testcase> <!-- @AfterMethod afterEachTestMethod -->
  <testcase classname="com.pntautomation.base.TestBase" name="@AfterMethod cleanUp" time="-1.606147361359E9">
    <skipped/>
  </testcase> <!-- @AfterMethod cleanUp -->
  <testcase classname="com.pntautomation.base.TestBase" name="@BeforeMethod setupDriver" time="-1.606147361359E9">
    <skipped/>
  </testcase> <!-- @BeforeMethod setupDriver -->
  <testcase classname="com.pntautomation.base.TestBase" name="@BeforeMethod startExtent" time="-1.606147361359E9">
    <skipped/>
  </testcase> <!-- @BeforeMethod startExtent -->
  <testcase classname="com.pntautomation.base.TestBase" name="@AfterMethod afterEachTestMethod" time="-1.606147361359E9">
    <skipped/>
  </testcase> <!-- @AfterMethod afterEachTestMethod -->
  <testcase classname="com.pntautomation.base.TestBase" name="@AfterMethod cleanUp" time="-1.606147361359E9">
    <skipped/>
  </testcase> <!-- @AfterMethod cleanUp -->
  <testcase classname="com.pntautomation.base.TestBase" name="@BeforeMethod setupDriver" time="-1.606147361359E9">
    <skipped/>
  </testcase> <!-- @BeforeMethod setupDriver -->
  <testcase classname="com.pntautomation.base.TestBase" name="@BeforeMethod startExtent" time="-1.606147361359E9">
    <skipped/>
  </testcase> <!-- @BeforeMethod startExtent -->
  <testcase classname="com.pntautomation.base.TestBase" name="@AfterMethod afterEachTestMethod" time="-1.60614736136E9">
    <skipped/>
  </testcase> <!-- @AfterMethod afterEachTestMethod -->
  <testcase classname="com.pntautomation.base.TestBase" name="@AfterMethod cleanUp" time="-1.60614736136E9">
    <skipped/>
  </testcase> <!-- @AfterMethod cleanUp -->
  <testcase classname="com.pntautomation.base.TestBase" name="@BeforeMethod setupDriver" time="-1.60614736136E9">
    <skipped/>
  </testcase> <!-- @BeforeMethod setupDriver -->
  <testcase classname="com.pntautomation.base.TestBase" name="@BeforeMethod startExtent" time="-1.60614736136E9">
    <skipped/>
  </testcase> <!-- @BeforeMethod startExtent -->
  <testcase classname="com.pntautomation.base.TestBase" name="@AfterMethod afterEachTestMethod" time="-1.60614736136E9">
    <skipped/>
  </testcase> <!-- @AfterMethod afterEachTestMethod -->
  <testcase classname="com.pntautomation.base.TestBase" name="@AfterMethod cleanUp" time="-1.606147361361E9">
    <skipped/>
  </testcase> <!-- @AfterMethod cleanUp -->
  <testcase classname="com.pntautomation.base.TestBase" name="@BeforeMethod setupDriver" time="-1.606147361361E9">
    <skipped/>
  </testcase> <!-- @BeforeMethod setupDriver -->
  <testcase classname="com.pntautomation.base.TestBase" name="@BeforeMethod startExtent" time="-1.606147361361E9">
    <skipped/>
  </testcase> <!-- @BeforeMethod startExtent -->
  <testcase classname="com.pntautomation.base.TestBase" name="@AfterMethod afterEachTestMethod" time="-1.606147361361E9">
    <skipped/>
  </testcase> <!-- @AfterMethod afterEachTestMethod -->
  <testcase classname="com.pntautomation.base.TestBase" name="@AfterMethod cleanUp" time="-1.606147361361E9">
    <skipped/>
  </testcase> <!-- @AfterMethod cleanUp -->
  <testcase classname="com.pntautomation.base.TestBase" name="@BeforeMethod setupDriver" time="-1.606147361362E9">
    <skipped/>
  </testcase> <!-- @BeforeMethod setupDriver -->
  <testcase classname="com.pntautomation.base.TestBase" name="@BeforeMethod startExtent" time="-1.606147361362E9">
    <skipped/>
  </testcase> <!-- @BeforeMethod startExtent -->
  <testcase classname="com.pntautomation.base.TestBase" name="@AfterMethod afterEachTestMethod" time="-1.606147361362E9">
    <skipped/>
  </testcase> <!-- @AfterMethod afterEachTestMethod -->
  <testcase classname="com.pntautomation.base.TestBase" name="@AfterMethod cleanUp" time="-1.606147361362E9">
    <skipped/>
  </testcase> <!-- @AfterMethod cleanUp -->
  <testcase classname="com.ebaytest.HomePageValidations" name="validateUserBeingAbleToClickOnBrandOutletButton" time="0.0">
    <skipped/>
  </testcase> <!-- validateUserBeingAbleToClickOnBrandOutletButton -->
  <testcase classname="com.ebaytest.HomePageValidations" name="validateUserBeingAbleToClickOnCartButton" time="0.0">
    <skipped/>
  </testcase> <!-- validateUserBeingAbleToClickOnCartButton -->
  <testcase classname="com.ebaytest.HomePageValidations" name="validateUserBeingAbleToClickOnDailyDealsButton" time="0.0">
    <skipped/>
  </testcase> <!-- validateUserBeingAbleToClickOnDailyDealsButton -->
  <testcase classname="com.ebaytest.HomePageValidations" name="validateUserBeingAbleToClickOnHelpAndContactButton" time="0.0">
    <skipped/>
  </testcase> <!-- validateUserBeingAbleToClickOnHelpAndContactButton -->
  <testcase classname="com.ebaytest.HomePageValidations" name="validateUserBeingAbleToClickOnNotificationButton" time="0.0">
    <skipped/>
  </testcase> <!-- validateUserBeingAbleToClickOnNotificationButton -->
  <testcase classname="com.ebaytest.HomePageValidations" name="validateUserBeingAbleToClickOnRegisterButton" time="0.0">
    <skipped/>
  </testcase> <!-- validateUserBeingAbleToClickOnRegisterButton -->
  <testcase classname="com.ebaytest.HomePageValidations" name="validateUserBeingAbleToClickOnSearchBar" time="0.0">
    <skipped/>
  </testcase> <!-- validateUserBeingAbleToClickOnSearchBar -->
  <testcase classname="com.ebaytest.HomePageValidations" name="validateUserBeingAbleToClickOnSellButton" time="0.0">
    <skipped/>
  </testcase> <!-- validateUserBeingAbleToClickOnSellButton -->
  <testcase classname="com.ebaytest.HomePageValidations" name="validateUserBeingAbleToClickOnSignInButton" time="0.0">
    <skipped/>
  </testcase> <!-- validateUserBeingAbleToClickOnSignInButton -->
  <testcase classname="com.ebaytest.HomePageValidations" name="validateUserBeingAbleToClickOnWatchlistButton" time="0.0">
    <skipped/>
  </testcase> <!-- validateUserBeingAbleToClickOnWatchlistButton -->
  <testcase classname="com.ebaytest.HomePageValidations" name="validateUserBeingAbleToClickOnmyEbayButton" time="0.0">
    <skipped/>
  </testcase> <!-- validateUserBeingAbleToClickOnmyEbayButton -->
  <testcase classname="com.ebaytest.HomePageValidations" name="validateUserBeingAbleToTypeOnSearchBar" time="0.0">
    <skipped/>
  </testcase> <!-- validateUserBeingAbleToTypeOnSearchBar -->
</testsuite> <!-- Automation tests -->
